2020-09-20 14:37:50,573 - instabot version: 0.117.0 (bot) - INFO - Instabot version: 0.117.0 Started
2020-09-20 14:37:50,574 - instabot version: 0.117.0 (bot) - DEBUG - Bot imported from D:\eb-virt\github\view\instabot\bot\bot.py
2020-09-20 14:37:50,847 - instabot version: 0.117.0 (api_login) - DEBUG - Loading cookies
2020-09-20 14:37:50,847 - instabot version: 0.117.0 (api_login) - DEBUG - Loading uuids
2020-09-20 14:37:50,847 - instabot version: 0.117.0 (api_login) - INFO - Recovery from ttemp\cherlongjeff\cherlongjeff_uuid_and_cookie.json: COOKIE True - UUIDs True - TIMING, DEVICE and ...
- user-agent=Instagram 117.0.0.28.123 Android (28/9.0; 420dpi; 1080x1920; OnePlus; ONEPLUS A3003; OnePlus3; qcom; en_US; 180322800)
- phone_id=7e2b0b12-bacf-4c66-b218-cafe2183e00a
- uuid=ab74c60f-ad38-4bc9-b4f4-36058b13c98b
- client_session_id=e5f774ed-12bf-4dc6-b119-93425d0c2bbe
- device_id=android-5f11e4febbe627a4
2020-09-20 14:37:50,848 - instabot version: 0.117.0 (api_login) - INFO - LOGIN FLOW! Just logged-in: False
2020-09-20 14:37:53,164 - instabot version: 0.117.0 (api) - DEBUG - POST to endpoint: feed/timeline/ returned response: <Response [200]>
2020-09-20 14:37:53,868 - instabot version: 0.117.0 (api) - DEBUG - POST to endpoint: feed/reels_tray/ returned response: <Response [200]>
2020-09-20 14:37:53,872 - instabot version: 0.117.0 (api) - INFO - Logged-in successfully as 'cherlongjeff'!
2020-09-20 14:38:16,831 - instabot version: 0.117.0 (api) - DEBUG - POST to endpoint: media/configure/? returned response: <Response [200]>
2020-09-20 14:38:17,459 - instabot version: 0.117.0 (api) - DEBUG - POST to endpoint: qe/expose/ returned response: <Response [200]>
2020-09-20 14:38:17,459 - instabot version: 0.117.0 (bot_photo) - INFO - Photo 'media/images/4b54c9e3400e4174a34b059019db1c6c.jpg' is uploaded.
2020-09-20 14:38:18,092 - instabot version: 0.117.0 (api) - DEBUG - POST to endpoint: accounts/logout/ returned response: <Response [200]>
2020-09-20 14:38:18,092 - instabot version: 0.117.0 (bot) - INFO - Bot stopped. Worked: 0:00:27.518066
2020-09-20 14:38:18,101 - instabot version: 0.117.0 (bot) - INFO - Total requests: 5
