2020-09-21 01:31:19,108 - instabot version: 0.117.0 (bot) - INFO - Instabot version: 0.117.0 Started
2020-09-21 01:31:19,109 - instabot version: 0.117.0 (bot) - DEBUG - Bot imported from D:\eb-virt\github\view\instabot\bot\bot.py
2020-09-21 01:31:19,364 - instabot version: 0.117.0 (api_login) - INFO - Not yet logged in starting: PRE-LOGIN FLOW!
2020-09-21 01:31:20,839 - instabot version: 0.117.0 (api) - DEBUG - POST to endpoint: accounts/get_prefill_candidates/ returned response: <Response [200]>
2020-09-21 01:31:21,476 - instabot version: 0.117.0 (api) - DEBUG - POST to endpoint: qe/sync/ returned response: <Response [200]>
2020-09-21 01:31:21,935 - instabot version: 0.117.0 (api) - DEBUG - POST to endpoint: launcher/sync/ returned response: <Response [200]>
2020-09-21 01:31:23,075 - instabot version: 0.117.0 (api) - DEBUG - POST to endpoint: accounts/contact_point_prefill/ returned response: <Response [200]>
2020-09-21 01:31:25,322 - instabot version: 0.117.0 (api) - DEBUG - POST to endpoint: accounts/login/ returned response: <Response [200]>
2020-09-21 01:31:25,323 - instabot version: 0.117.0 (api) - INFO - Logged-in successfully as 'cherlongjeff'!
2020-09-21 01:31:25,323 - instabot version: 0.117.0 (api_login) - INFO - LOGIN FLOW! Just logged-in: True
2020-09-21 01:31:25,967 - instabot version: 0.117.0 (api) - DEBUG - POST to endpoint: qe/sync/ returned response: <Response [200]>
2020-09-21 01:31:26,445 - instabot version: 0.117.0 (api) - DEBUG - POST to endpoint: launcher/sync/ returned response: <Response [200]>
2020-09-21 01:31:26,932 - instabot version: 0.117.0 (api) - DEBUG - GET to endpoint: zr/token/result/?device_id=android-5f11e4febbe627a4&token_hash=&custom_device_id=android-5f11e4febbe627a4&fetch_reason=token_expired returned response: <Response [200]>
2020-09-21 01:31:27,503 - instabot version: 0.117.0 (api) - DEBUG - GET to endpoint: multiple_accounts/get_account_family/ returned response: <Response [200]>
2020-09-21 01:31:28,107 - instabot version: 0.117.0 (api) - DEBUG - POST to endpoint: qe/sync/ returned response: <Response [200]>
2020-09-21 01:31:28,863 - instabot version: 0.117.0 (api) - DEBUG - GET to endpoint: igtv/browse_feed/?prefetch=1 returned response: <Response [200]>
2020-09-21 01:31:29,802 - instabot version: 0.117.0 (api) - DEBUG - POST to endpoint: creatives/ar_class/ returned response: <Response [200]>
2020-09-21 01:31:30,459 - instabot version: 0.117.0 (api) - DEBUG - POST to endpoint: feed/reels_tray/ returned response: <Response [200]>
2020-09-21 01:31:32,193 - instabot version: 0.117.0 (api) - DEBUG - POST to endpoint: feed/timeline/ returned response: <Response [200]>
2020-09-21 01:31:32,997 - instabot version: 0.117.0 (api) - DEBUG - GET to endpoint: media/blocked/ returned response: <Response [200]>
2020-09-21 01:31:33,686 - instabot version: 0.117.0 (api) - DEBUG - GET to endpoint: news/inbox/ returned response: <Response [200]>
2020-09-21 01:31:34,268 - instabot version: 0.117.0 (api) - DEBUG - GET to endpoint: loom/fetch_config/ returned response: <Response [200]>
2020-09-21 01:31:35,572 - instabot version: 0.117.0 (api) - DEBUG - GET to endpoint: scores/bootstrap/users/?surfaces=["autocomplete_user_list","coefficient_besties_list_ranking","coefficient_rank_recipient_user_suggestion","coefficient_ios_section_test_bootstrap_ranking","coefficient_direct_recipients_ranking_variant_2"] returned response: <Response [200]>
2020-09-21 01:31:36,052 - instabot version: 0.117.0 (api) - DEBUG - GET to endpoint: business/eligibility/get_monetization_products_eligibility_data/?product_types=branded_content returned response: <Response [200]>
2020-09-21 01:31:36,577 - instabot version: 0.117.0 (api) - DEBUG - GET to endpoint: business/branded_content/should_require_professional_account/ returned response: <Response [200]>
2020-09-21 01:31:37,156 - instabot version: 0.117.0 (api) - DEBUG - GET to endpoint: linked_accounts/get_linkage_status/ returned response: <Response [200]>
2020-09-21 01:31:37,627 - instabot version: 0.117.0 (api) - DEBUG - GET to endpoint: locations/request_country/ returned response: <Response [200]>
2020-09-21 01:31:38,436 - instabot version: 0.117.0 (api) - DEBUG - GET to endpoint: qp/get_cooldowns/?signed_body=signed_body=4b9c516a5410a3bc128e09c6104a7f042146b9c2023870560c63a43a7f66781c.4&ig_sig_key_version=4&ig_sig_key_version=4 returned response: <Response [200]>
2020-09-21 01:31:38,920 - instabot version: 0.117.0 (api) - DEBUG - GET to endpoint: users/arlink_download_info/?version_override=2.2.1 returned response: <Response [200]>
2020-09-21 01:31:39,578 - instabot version: 0.117.0 (api) - DEBUG - GET to endpoint: users/41808346448/info/ returned response: <Response [200]>
2020-09-21 01:31:40,146 - instabot version: 0.117.0 (api) - DEBUG - GET to endpoint: direct_v2/get_presence/ returned response: <Response [200]>
2020-09-21 01:31:40,714 - instabot version: 0.117.0 (api) - DEBUG - GET to endpoint: direct_v2/inbox/?visual_message_return_type=unseen&thread_message_limit=10&persistentBadging=true&limit=20 returned response: <Response [200]>
2020-09-21 01:31:41,380 - instabot version: 0.117.0 (api) - DEBUG - GET to endpoint: direct_v2/inbox/?visual_message_return_type=unseen&persistentBadging=true&limit=0 returned response: <Response [200]>
2020-09-21 01:31:42,009 - instabot version: 0.117.0 (api) - DEBUG - GET to endpoint: discover/topical_explore/?is_prefetch=true&omit_cover_media=true&use_sectional_payload=true&timezone_offset=0&session_id=ef1fa5ce-534b-46c6-b915-5d64b212035b&include_fixed_destinations=true returned response: <Response [200]>
2020-09-21 01:31:42,506 - instabot version: 0.117.0 (api) - DEBUG - POST to endpoint: notifications/badge/ returned response: <Response [200]>
2020-09-21 01:31:43,251 - instabot version: 0.117.0 (api) - DEBUG - POST to endpoint: qp/batch_fetch/ returned response: <Response [200]>
2020-09-21 01:32:06,608 - instabot version: 0.117.0 (api) - DEBUG - POST to endpoint: media/configure/? returned response: <Response [200]>
2020-09-21 01:32:07,237 - instabot version: 0.117.0 (api) - DEBUG - POST to endpoint: qe/expose/ returned response: <Response [200]>
2020-09-21 01:32:07,237 - instabot version: 0.117.0 (bot_photo) - INFO - Photo 'media/images/a7bcff3d021e424aa3d06951c2888a36.jpg' is uploaded.
2020-09-21 01:32:08,399 - instabot version: 0.117.0 (api) - DEBUG - POST to endpoint: accounts/logout/ returned response: <Response [200]>
2020-09-21 01:32:08,399 - instabot version: 0.117.0 (bot) - INFO - Bot stopped. Worked: 0:00:49.291202
2020-09-21 01:32:08,409 - instabot version: 0.117.0 (bot) - INFO - Total requests: 34
