2020-09-21 21:38:35,407 - instabot version: 0.117.0 (bot) - INFO - Instabot version: 0.117.0 Started
2020-09-21 21:38:35,409 - instabot version: 0.117.0 (bot) - DEBUG - Bot imported from D:\eb-virt\github\view\instabot\bot\bot.py
2020-09-21 21:38:42,168 - instabot version: 0.117.0 (api_login) - INFO - Not yet logged in starting: PRE-LOGIN FLOW!
2020-09-21 21:38:43,425 - instabot version: 0.117.0 (api) - DEBUG - POST to endpoint: accounts/get_prefill_candidates/ returned response: <Response [200]>
2020-09-21 21:38:43,985 - instabot version: 0.117.0 (api) - DEBUG - POST to endpoint: qe/sync/ returned response: <Response [200]>
2020-09-21 21:38:44,550 - instabot version: 0.117.0 (api) - DEBUG - POST to endpoint: launcher/sync/ returned response: <Response [200]>
2020-09-21 21:38:45,674 - instabot version: 0.117.0 (api) - DEBUG - POST to endpoint: accounts/contact_point_prefill/ returned response: <Response [200]>
2020-09-21 21:38:47,842 - instabot version: 0.117.0 (api) - DEBUG - POST to endpoint: accounts/login/ returned response: <Response [200]>
2020-09-21 21:38:47,843 - instabot version: 0.117.0 (api) - INFO - Logged-in successfully as 'cherlongjeff'!
2020-09-21 21:38:47,844 - instabot version: 0.117.0 (api_login) - INFO - LOGIN FLOW! Just logged-in: True
2020-09-21 21:38:48,403 - instabot version: 0.117.0 (api) - DEBUG - POST to endpoint: qe/sync/ returned response: <Response [200]>
2020-09-21 21:38:48,960 - instabot version: 0.117.0 (api) - DEBUG - POST to endpoint: launcher/sync/ returned response: <Response [200]>
2020-09-21 21:38:49,515 - instabot version: 0.117.0 (api) - DEBUG - GET to endpoint: zr/token/result/?device_id=android-5f11e4febbe627a4&token_hash=&custom_device_id=android-5f11e4febbe627a4&fetch_reason=token_expired returned response: <Response [200]>
2020-09-21 21:38:50,046 - instabot version: 0.117.0 (api) - DEBUG - GET to endpoint: multiple_accounts/get_account_family/ returned response: <Response [200]>
2020-09-21 21:38:50,626 - instabot version: 0.117.0 (api) - DEBUG - POST to endpoint: qe/sync/ returned response: <Response [200]>
2020-09-21 21:38:51,544 - instabot version: 0.117.0 (api) - DEBUG - GET to endpoint: igtv/browse_feed/?prefetch=1 returned response: <Response [200]>
2020-09-21 21:38:52,046 - instabot version: 0.117.0 (api) - DEBUG - POST to endpoint: creatives/ar_class/ returned response: <Response [200]>
2020-09-21 21:38:52,967 - instabot version: 0.117.0 (api) - DEBUG - POST to endpoint: feed/reels_tray/ returned response: <Response [200]>
2020-09-21 21:38:55,378 - instabot version: 0.117.0 (api) - DEBUG - POST to endpoint: feed/timeline/ returned response: <Response [200]>
2020-09-21 21:38:56,081 - instabot version: 0.117.0 (api) - DEBUG - GET to endpoint: media/blocked/ returned response: <Response [200]>
2020-09-21 21:38:57,130 - instabot version: 0.117.0 (api) - DEBUG - GET to endpoint: news/inbox/ returned response: <Response [200]>
2020-09-21 21:38:58,090 - instabot version: 0.117.0 (api) - DEBUG - GET to endpoint: loom/fetch_config/ returned response: <Response [200]>
2020-09-21 21:38:58,922 - instabot version: 0.117.0 (api) - DEBUG - GET to endpoint: scores/bootstrap/users/?surfaces=["autocomplete_user_list","coefficient_besties_list_ranking","coefficient_rank_recipient_user_suggestion","coefficient_ios_section_test_bootstrap_ranking","coefficient_direct_recipients_ranking_variant_2"] returned response: <Response [200]>
2020-09-21 21:38:59,643 - instabot version: 0.117.0 (api) - DEBUG - GET to endpoint: business/eligibility/get_monetization_products_eligibility_data/?product_types=branded_content returned response: <Response [200]>
2020-09-21 21:39:00,654 - instabot version: 0.117.0 (api) - DEBUG - GET to endpoint: business/branded_content/should_require_professional_account/ returned response: <Response [200]>
2020-09-21 21:39:01,246 - instabot version: 0.117.0 (api) - DEBUG - GET to endpoint: linked_accounts/get_linkage_status/ returned response: <Response [200]>
2020-09-21 21:39:01,932 - instabot version: 0.117.0 (api) - DEBUG - GET to endpoint: locations/request_country/ returned response: <Response [200]>
2020-09-21 21:39:02,555 - instabot version: 0.117.0 (api) - DEBUG - GET to endpoint: qp/get_cooldowns/?signed_body=signed_body=4b9c516a5410a3bc128e09c6104a7f042146b9c2023870560c63a43a7f66781c.4&ig_sig_key_version=4&ig_sig_key_version=4 returned response: <Response [200]>
2020-09-21 21:39:03,228 - instabot version: 0.117.0 (api) - DEBUG - GET to endpoint: users/arlink_download_info/?version_override=2.2.1 returned response: <Response [200]>
2020-09-21 21:52:20,672 - instabot version: 0.117.0 (api) - DEBUG - GET to endpoint: users/41808346448/info/ returned response: <Response [200]>
2020-09-21 21:52:25,274 - instabot version: 0.117.0 (api) - DEBUG - GET to endpoint: direct_v2/get_presence/ returned response: <Response [200]>
2020-09-21 21:52:26,233 - instabot version: 0.117.0 (api) - DEBUG - GET to endpoint: direct_v2/inbox/?visual_message_return_type=unseen&thread_message_limit=10&persistentBadging=true&limit=20 returned response: <Response [200]>
2020-09-21 21:52:26,870 - instabot version: 0.117.0 (api) - DEBUG - GET to endpoint: direct_v2/inbox/?visual_message_return_type=unseen&persistentBadging=true&limit=0 returned response: <Response [200]>
2020-09-21 21:52:28,788 - instabot version: 0.117.0 (api) - DEBUG - GET to endpoint: discover/topical_explore/?is_prefetch=true&omit_cover_media=true&use_sectional_payload=true&timezone_offset=0&session_id=3c3108bc-69b2-4a0f-b2d8-a54e37b125ac&include_fixed_destinations=true returned response: <Response [200]>
2020-09-21 21:52:29,277 - instabot version: 0.117.0 (api) - DEBUG - POST to endpoint: notifications/badge/ returned response: <Response [200]>
2020-09-21 21:52:30,751 - instabot version: 0.117.0 (api) - DEBUG - POST to endpoint: qp/batch_fetch/ returned response: <Response [200]>
2020-09-21 21:52:53,289 - instabot version: 0.117.0 (api) - DEBUG - POST to endpoint: media/configure/? returned response: <Response [200]>
2020-09-21 21:52:54,251 - instabot version: 0.117.0 (api) - DEBUG - POST to endpoint: qe/expose/ returned response: <Response [200]>
2020-09-21 21:52:54,251 - instabot version: 0.117.0 (bot_photo) - INFO - Photo 'media/images/59ffac0c45514b9995a64fd405deac6d.jpg' is uploaded.
2020-09-21 21:52:54,905 - instabot version: 0.117.0 (api) - DEBUG - POST to endpoint: accounts/logout/ returned response: <Response [200]>
2020-09-21 21:52:54,905 - instabot version: 0.117.0 (bot) - INFO - Bot stopped. Worked: 0:14:19.498662
2020-09-21 21:52:54,917 - instabot version: 0.117.0 (bot) - INFO - Total requests: 34
